INFO - 2024-01-08 08:56:45 --> Session: Class initialized using 'CodeIgniter\Session\Handlers\FileHandler' driver.
INFO - 2024-01-08 08:56:46 --> Session: Class initialized using 'CodeIgniter\Session\Handlers\FileHandler' driver.
CRITICAL - 2024-01-08 08:56:46 --> Call to undefined method App\Models\TradeModel::getUserById
in SYSTEMPATH\Model.php on line 842.
 1 APPPATH\Controllers\Payment.php(18): CodeIgniter\Model->__call('getUserById', [...])
 2 SYSTEMPATH\CodeIgniter.php(934): App\Controllers\Payment->addTransaction()
 3 SYSTEMPATH\CodeIgniter.php(499): CodeIgniter\CodeIgniter->runController(Object(App\Controllers\Payment))
 4 SYSTEMPATH\CodeIgniter.php(368): CodeIgniter\CodeIgniter->handleRequest(null, Object(Config\Cache), false)
 5 FCPATH\index.php(67): CodeIgniter\CodeIgniter->run()
 6 SYSTEMPATH\Commands\Server\rewrite.php(47): require_once('D:\\alt\\gohit\\GohitMVP\\public\\index.php')
INFO - 2024-01-08 08:57:02 --> Session: Class initialized using 'CodeIgniter\Session\Handlers\FileHandler' driver.
INFO - 2024-01-08 08:57:06 --> Session: Class initialized using 'CodeIgniter\Session\Handlers\FileHandler' driver.
INFO - 2024-01-08 08:57:06 --> Session: Class initialized using 'CodeIgniter\Session\Handlers\FileHandler' driver.
INFO - 2024-01-08 08:57:21 --> Session: Class initialized using 'CodeIgniter\Session\Handlers\FileHandler' driver.
CRITICAL - 2024-01-08 08:57:21 --> Call to undefined method App\Models\TradeModel::getUserById
in SYSTEMPATH\Model.php on line 842.
 1 APPPATH\Controllers\Payment.php(18): CodeIgniter\Model->__call('getUserById', [...])
 2 SYSTEMPATH\CodeIgniter.php(934): App\Controllers\Payment->addTransaction()
 3 SYSTEMPATH\CodeIgniter.php(499): CodeIgniter\CodeIgniter->runController(Object(App\Controllers\Payment))
 4 SYSTEMPATH\CodeIgniter.php(368): CodeIgniter\CodeIgniter->handleRequest(null, Object(Config\Cache), false)
 5 FCPATH\index.php(67): CodeIgniter\CodeIgniter->run()
 6 SYSTEMPATH\Commands\Server\rewrite.php(47): require_once('D:\\alt\\gohit\\GohitMVP\\public\\index.php')
INFO - 2024-01-08 08:57:22 --> Session: Class initialized using 'CodeIgniter\Session\Handlers\FileHandler' driver.
CRITICAL - 2024-01-08 08:57:22 --> Call to undefined method App\Models\TradeModel::getUserById
in SYSTEMPATH\Model.php on line 842.
 1 APPPATH\Controllers\Payment.php(18): CodeIgniter\Model->__call('getUserById', [...])
 2 SYSTEMPATH\CodeIgniter.php(934): App\Controllers\Payment->addTransaction()
 3 SYSTEMPATH\CodeIgniter.php(499): CodeIgniter\CodeIgniter->runController(Object(App\Controllers\Payment))
 4 SYSTEMPATH\CodeIgniter.php(368): CodeIgniter\CodeIgniter->handleRequest(null, Object(Config\Cache), false)
 5 FCPATH\index.php(67): CodeIgniter\CodeIgniter->run()
 6 SYSTEMPATH\Commands\Server\rewrite.php(47): require_once('D:\\alt\\gohit\\GohitMVP\\public\\index.php')
